Not Found: /accounts/meditation/external/
Not Found: /accounts/meditation/external/
Not Found: /accounts/meditation/external/
Not Found: /accounts/meditation/external/
Not Found: /accounts/meditation/external/
Not Found: /accounts/meditation/external/
Not Found: /accounts/meditation/external/
Not Found: /accounts/meditation/external/
Bad Request: /api/auth/meditation/external/
Unauthorized: /api/auth/meditation/external/
Watching for file changes with StatReloader
Not Found: /
Not Found: /favicon.ico
Not Found: /
Not Found: /favicon.ico
Unhandled exception: no such table: accounts_customuser
Internal Server Error: /api/auth/signin/
Watching for file changes with StatReloader
D:\Projects\Vela\apps\accounts\views.py changed, reloading.
Watching for file changes with StatReloader
D:\Projects\Vela\apps\accounts\views.py changed, reloading.
Watching for file changes with StatReloader
D:\Projects\Vela\apps\accounts\urls.py changed, reloading.
Watching for file changes with StatReloader
D:\Projects\Vela\apps\accounts\models.py changed, reloading.
Watching for file changes with StatReloader
D:\Projects\Vela\apps\accounts\models.py changed, reloading.
Watching for file changes with StatReloader
D:\Projects\Vela\apps\accounts\models.py changed, reloading.
Watching for file changes with StatReloader
D:\Projects\Vela\apps\accounts\views.py changed, reloading.
Watching for file changes with StatReloader
D:\Projects\Vela\apps\accounts\admin.py changed, reloading.
Watching for file changes with StatReloader
D:\Projects\Vela\apps\accounts\views.py changed, reloading.
Watching for file changes with StatReloader
D:\Projects\Vela\apps\accounts\models.py changed, reloading.
Watching for file changes with StatReloader
Watching for file changes with StatReloader
Not Found: /
Not Found: /favicon.ico
Not Found: /docs
Not Found: /docs
D:\Projects\Vela\config\settings.py changed, reloading.
Watching for file changes with StatReloader
D:\Projects\Vela\config\settings.py changed, reloading.
Watching for file changes with StatReloader
D:\Projects\Vela\config\settings.py changed, reloading.
Watching for file changes with StatReloader
D:\Projects\Vela\config\settings.py changed, reloading.
Watching for file changes with StatReloader
D:\Projects\Vela\config\settings.py changed, reloading.
Watching for file changes with StatReloader
D:\Projects\Vela\config\settings.py changed, reloading.
Watching for file changes with StatReloader
D:\Projects\Vela\apps\accounts\notification_service.py changed, reloading.
Watching for file changes with StatReloader
D:\Projects\Vela\apps\accounts\notification_service.py changed, reloading.
Watching for file changes with StatReloader
D:\Projects\Vela\apps\accounts\notification_service.py changed, reloading.
Watching for file changes with StatReloader
